# JRE version: OpenJDK Runtime Environment 18.9 (11.0.12+7) (build 11.0.12+7-LTS)
# Java VM: OpenJDK 64-Bit Server VM 18.9 (11.0.12+7-LTS, mixed mode, sharing, tiered, compressed oops, parallel gc, linux-amd64)
Heap:
 PSYoungGen      total 70144K, used 6208K [0x00000000eab00000, 0x00000000f0a80000, 0x0000000100000000)
  eden space 48128K, 0% used [0x00000000eab00000,0x00000000eab00000,0x00000000eda00000)
  from space 22016K, 28% used [0x00000000ef500000,0x00000000efb102d0,0x00000000f0a80000)
  to   space 24064K, 0% used [0x00000000edb80000,0x00000000edb80000,0x00000000ef300000)
 ParOldGen       total 281600K, used 281286K [0x00000000c0000000, 0x00000000d1300000, 0x00000000eab00000)
  object space 281600K, 99% used [0x00000000c0000000,0x00000000d12b1898,0x00000000d1300000)
 Metaspace       used 48420K, capacity 51357K, committed 51632K, reserved 1095680K
  class space    used 4951K, capacity 6032K, committed 6144K, reserved 1048576K
GC Heap History (20 events):
Event: 55.809 GC heap after
{Heap after GC invocations=140 (full 6):
 PSYoungGen      total 36864K, used 12283K [0x00000000eab00000, 0x00000000eea80000, 0x0000000100000000)
  eden space 24576K, 0% used [0x00000000eab00000,0x00000000eab00000,0x00000000ec300000)
  from space 12288K, 99% used [0x00000000ec300000,0x00000000ecefee28,0x00000000ecf00000)
  to   space 18944K, 0% used [0x00000000ed800000,0x00000000ed800000,0x00000000eea80000)
 ParOldGen       total 281600K, used 203861K [0x00000000c0000000, 0x00000000d1300000, 0x00000000eab00000)
  object space 281600K, 72% used [0x00000000c0000000,0x00000000cc7154b8,0x00000000d1300000)
 Metaspace       used 47053K, capacity 49963K, committed 50224K, reserved 1093632K
  class space    used 4840K, capacity 5931K, committed 6016K, reserved 1048576K
}
Event: 56.158 GC heap before
{Heap before GC invocations=141 (full 6):
 PSYoungGen      total 36864K, used 36859K [0x00000000eab00000, 0x00000000eea80000, 0x0000000100000000)
  eden space 24576K, 100% used [0x00000000eab00000,0x00000000ec300000,0x00000000ec300000)
  from space 12288K, 99% used [0x00000000ec300000,0x00000000ecefee28,0x00000000ecf00000)
  to   space 18944K, 0% used [0x00000000ed800000,0x00000000ed800000,0x00000000eea80000)
 ParOldGen       total 281600K, used 203861K [0x00000000c0000000, 0x00000000d1300000, 0x00000000eab00000)
  object space 281600K, 72% used [0x00000000c0000000,0x00000000cc7154b8,0x00000000d1300000)
 Metaspace       used 47055K, capacity 49963K, committed 50224K, reserved 1093632K
  class space    used 4840K, capacity 5931K, committed 6016K, reserved 1048576K
}
Event: 56.253 GC heap after
{Heap after GC invocations=141 (full 6):
 PSYoungGen      total 39936K, used 12505K [0x00000000eab00000, 0x00000000ee480000, 0x0000000100000000)
  eden space 27136K, 0% used [0x00000000eab00000,0x00000000eab00000,0x00000000ec580000)
  from space 12800K, 97% used [0x00000000ed800000,0x00000000ee4367d8,0x00000000ee480000)
  to   space 14336K, 0% used [0x00000000ec880000,0x00000000ec880000,0x00000000ed680000)
 ParOldGen       total 281600K, used 209480K [0x00000000c0000000, 0x00000000d1300000, 0x00000000eab00000)
  object space 281600K, 74% used [0x00000000c0000000,0x00000000ccc922b8,0x00000000d1300000)
 Metaspace       used 47055K, capacity 49963K, committed 50224K, reserved 1093632K
  class space    used 4840K, capacity 5931K, committed 6016K, reserved 1048576K
}
Event: 56.491 GC heap before
{Heap before GC invocations=142 (full 6):
 PSYoungGen      total 39936K, used 39641K [0x00000000eab00000, 0x00000000ee480000, 0x0000000100000000)
  eden space 27136K, 100% used [0x00000000eab00000,0x00000000ec580000,0x00000000ec580000)
  from space 12800K, 97% used [0x00000000ed800000,0x00000000ee4367d8,0x00000000ee480000)
  to   space 14336K, 0% used [0x00000000ec880000,0x00000000ec880000,0x00000000ed680000)
 ParOldGen       total 281600K, used 209480K [0x00000000c0000000, 0x00000000d1300000, 0x00000000eab00000)
  object space 281600K, 74% used [0x00000000c0000000,0x00000000ccc922b8,0x00000000d1300000)
 Metaspace       used 47058K, capacity 49963K, committed 50224K, reserved 1093632K
  class space    used 4840K, capacity 5931K, committed 6016K, reserved 1048576K
}
Event: 56.547 GC heap after
{Heap after GC invocations=142 (full 6):
 PSYoungGen      total 44032K, used 14314K [0x00000000eab00000, 0x00000000ef000000, 0x0000000100000000)
  eden space 29696K, 0% used [0x00000000eab00000,0x00000000eab00000,0x00000000ec800000)
  from space 14336K, 99% used [0x00000000ec880000,0x00000000ed67a9a8,0x00000000ed680000)
  to   space 20480K, 0% used [0x00000000edc00000,0x00000000edc00000,0x00000000ef000000)
 ParOldGen       total 281600K, used 214035K [0x00000000c0000000, 0x00000000d1300000, 0x00000000eab00000)
  object space 281600K, 76% used [0x00000000c0000000,0x00000000cd104c68,0x00000000d1300000)
 Metaspace       used 47058K, capacity 49963K, committed 50224K, reserved 1093632K
  class space    used 4840K, capacity 5931K, committed 6016K, reserved 1048576K
}
Event: 56.789 GC heap before
{Heap before GC invocations=143 (full 6):
 PSYoungGen      total 44032K, used 44010K [0x00000000eab00000, 0x00000000ef000000, 0x0000000100000000)
  eden space 29696K, 100% used [0x00000000eab00000,0x00000000ec800000,0x00000000ec800000)
  from space 14336K, 99% used [0x00000000ec880000,0x00000000ed67a9a8,0x00000000ed680000)
  to   space 20480K, 0% used [0x00000000edc00000,0x00000000edc00000,0x00000000ef000000)
 ParOldGen       total 281600K, used 214035K [0x00000000c0000000, 0x00000000d1300000, 0x00000000eab00000)
  object space 281600K, 76% used [0x00000000c0000000,0x00000000cd104c68,0x00000000d1300000)
 Metaspace       used 47078K, capacity 49963K, committed 50224K, reserved 1093632K
  class space    used 4842K, capacity 5931K, committed 6016K, reserved 1048576K
}
Event: 56.833 GC heap after
{Heap after GC invocations=143 (full 6):
 PSYoungGen      total 48128K, used 14521K [0x00000000eab00000, 0x00000000eeb00000, 0x0000000100000000)
  eden space 32768K, 0% used [0x00000000eab00000,0x00000000eab00000,0x00000000ecb00000)
  from space 15360K, 94% used [0x00000000edc00000,0x00000000eea2e4c0,0x00000000eeb00000)
  to   space 16384K, 0% used [0x00000000ecb00000,0x00000000ecb00000,0x00000000edb00000)
 ParOldGen       total 281600K, used 220607K [0x00000000c0000000, 0x00000000d1300000, 0x00000000eab00000)
  object space 281600K, 78% used [0x00000000c0000000,0x00000000cd76fcb8,0x00000000d1300000)
 Metaspace       used 47078K, capacity 49963K, committed 50224K, reserved 1093632K
  class space    used 4842K, capacity 5931K, committed 6016K, reserved 1048576K
}
Event: 57.080 GC heap before
{Heap before GC invocations=144 (full 6):
 PSYoungGen      total 48128K, used 47289K [0x00000000eab00000, 0x00000000eeb00000, 0x0000000100000000)
  eden space 32768K, 100% used [0x00000000eab00000,0x00000000ecb00000,0x00000000ecb00000)
  from space 15360K, 94% used [0x00000000edc00000,0x00000000eea2e4c0,0x00000000eeb00000)
  to   space 16384K, 0% used [0x00000000ecb00000,0x00000000ecb00000,0x00000000edb00000)
 ParOldGen       total 281600K, used 220607K [0x00000000c0000000, 0x00000000d1300000, 0x00000000eab00000)
  object space 281600K, 78% used [0x00000000c0000000,0x00000000cd76fcb8,0x00000000d1300000)
 Metaspace       used 47189K, capacity 50065K, committed 50224K, reserved 1093632K
  class space    used 4849K, capacity 5964K, committed 6016K, reserved 1048576K
}
Event: 57.148 GC heap after
{Heap after GC invocations=144 (full 6):
 PSYoungGen      total 49152K, used 16381K [0x00000000eab00000, 0x00000000efc00000, 0x0000000100000000)
  eden space 32768K, 0% used [0x00000000eab00000,0x00000000eab00000,0x00000000ecb00000)
  from space 16384K, 99% used [0x00000000ecb00000,0x00000000edaff728,0x00000000edb00000)
  to   space 23552K, 0% used [0x00000000ee500000,0x00000000ee500000,0x00000000efc00000)
 ParOldGen       total 281600K, used 226185K [0x00000000c0000000, 0x00000000d1300000, 0x00000000eab00000)
  object space 281600K, 80% used [0x00000000c0000000,0x00000000cdce26e8,0x00000000d1300000)
 Metaspace       used 47189K, capacity 50065K, committed 50224K, reserved 1093632K
  class space    used 4849K, capacity 5964K, committed 6016K, reserved 1048576K
}
Event: 57.421 GC heap before
{Heap before GC invocations=145 (full 6):
 PSYoungGen      total 49152K, used 49149K [0x00000000eab00000, 0x00000000efc00000, 0x0000000100000000)
  eden space 32768K, 100% used [0x00000000eab00000,0x00000000ecb00000,0x00000000ecb00000)
  from space 16384K, 99% used [0x00000000ecb00000,0x00000000edaff728,0x00000000edb00000)
  to   space 23552K, 0% used [0x00000000ee500000,0x00000000ee500000,0x00000000efc00000)
 ParOldGen       total 281600K, used 226185K [0x00000000c0000000, 0x00000000d1300000, 0x00000000eab00000)
  object space 281600K, 80% used [0x00000000c0000000,0x00000000cdce26e8,0x00000000d1300000)
 Metaspace       used 47249K, capacity 50196K, committed 50480K, reserved 1093632K
  class space    used 4857K, capacity 5965K, committed 6016K, reserved 1048576K
}
Event: 57.518 GC heap after
{Heap after GC invocations=145 (full 6):
 PSYoungGen      total 52736K, used 16278K [0x00000000eab00000, 0x00000000ef500000, 0x0000000100000000)
  eden space 36352K, 0% used [0x00000000eab00000,0x00000000eab00000,0x00000000ece80000)
  from space 16384K, 99% used [0x00000000ee500000,0x00000000ef4e5930,0x00000000ef500000)
  to   space 18432K, 0% used [0x00000000ed100000,0x00000000ed100000,0x00000000ee300000)
 ParOldGen       total 281600K, used 233364K [0x00000000c0000000, 0x00000000d1300000, 0x00000000eab00000)
  object space 281600K, 82% used [0x00000000c0000000,0x00000000ce3e5118,0x00000000d1300000)
 Metaspace       used 47249K, capacity 50196K, committed 50480K, reserved 1093632K
  class space    used 4857K, capacity 5965K, committed 6016K, reserved 1048576K
}
Event: 58.336 GC heap before
{Heap before GC invocations=146 (full 6):
 PSYoungGen      total 52736K, used 52630K [0x00000000eab00000, 0x00000000ef500000, 0x0000000100000000)
  eden space 36352K, 100% used [0x00000000eab00000,0x00000000ece80000,0x00000000ece80000)
  from space 16384K, 99% used [0x00000000ee500000,0x00000000ef4e5930,0x00000000ef500000)
  to   space 18432K, 0% used [0x00000000ed100000,0x00000000ed100000,0x00000000ee300000)
 ParOldGen       total 281600K, used 233364K [0x00000000c0000000, 0x00000000d1300000, 0x00000000eab00000)
  object space 281600K, 82% used [0x00000000c0000000,0x00000000ce3e5118,0x00000000d1300000)
 Metaspace       used 47515K, capacity 50519K, committed 50736K, reserved 1093632K
  class space    used 4873K, capacity 5966K, committed 6016K, reserved 1048576K
}
Event: 58.406 GC heap after
{Heap after GC invocations=146 (full 6):
 PSYoungGen      total 57344K, used 18418K [0x00000000eab00000, 0x00000000f0500000, 0x0000000100000000)
  eden space 38912K, 0% used [0x00000000eab00000,0x00000000eab00000,0x00000000ed100000)
  from space 18432K, 99% used [0x00000000ed100000,0x00000000ee2fc838,0x00000000ee300000)
  to   space 26112K, 0% used [0x00000000eeb80000,0x00000000eeb80000,0x00000000f0500000)
 ParOldGen       total 281600K, used 239267K [0x00000000c0000000, 0x00000000d1300000, 0x00000000eab00000)
  object space 281600K, 84% used [0x00000000c0000000,0x00000000ce9a8d10,0x00000000d1300000)
 Metaspace       used 47515K, capacity 50519K, committed 50736K, reserved 1093632K
  class space    used 4873K, capacity 5966K, committed 6016K, reserved 1048576K
}
Event: 58.746 GC heap before
{Heap before GC invocations=147 (full 6):
 PSYoungGen      total 57344K, used 57330K [0x00000000eab00000, 0x00000000f0500000, 0x0000000100000000)
  eden space 38912K, 100% used [0x00000000eab00000,0x00000000ed100000,0x00000000ed100000)
  from space 18432K, 99% used [0x00000000ed100000,0x00000000ee2fc838,0x00000000ee300000)
  to   space 26112K, 0% used [0x00000000eeb80000,0x00000000eeb80000,0x00000000f0500000)
 ParOldGen       total 281600K, used 239267K [0x00000000c0000000, 0x00000000d1300000, 0x00000000eab00000)
  object space 281600K, 84% used [0x00000000c0000000,0x00000000ce9a8d10,0x00000000d1300000)
 Metaspace       used 47658K, capacity 50650K, committed 50736K, reserved 1093632K
  class space    used 4886K, capacity 5967K, committed 6016K, reserved 1048576K
}
Event: 58.851 GC heap after
{Heap after GC invocations=147 (full 6):
 PSYoungGen      total 59392K, used 16195K [0x00000000eab00000, 0x00000000efb80000, 0x0000000100000000)
  eden space 43008K, 0% used [0x00000000eab00000,0x00000000eab00000,0x00000000ed500000)
  from space 16384K, 98% used [0x00000000eeb80000,0x00000000efb50e20,0x00000000efb80000)
  to   space 19456K, 0% used [0x00000000ed580000,0x00000000ed580000,0x00000000ee880000)
 ParOldGen       total 281600K, used 250481K [0x00000000c0000000, 0x00000000d1300000, 0x00000000eab00000)
  object space 281600K, 88% used [0x00000000c0000000,0x00000000cf49c640,0x00000000d1300000)
 Metaspace       used 47658K, capacity 50650K, committed 50736K, reserved 1093632K
  class space    used 4886K, capacity 5967K, committed 6016K, reserved 1048576K
}
Event: 59.161 GC heap before
{Heap before GC invocations=148 (full 6):
 PSYoungGen      total 59392K, used 59203K [0x00000000eab00000, 0x00000000efb80000, 0x0000000100000000)
  eden space 43008K, 100% used [0x00000000eab00000,0x00000000ed500000,0x00000000ed500000)
  from space 16384K, 98% used [0x00000000eeb80000,0x00000000efb50e20,0x00000000efb80000)
  to   space 19456K, 0% used [0x00000000ed580000,0x00000000ed580000,0x00000000ee880000)
 ParOldGen       total 281600K, used 250481K [0x00000000c0000000, 0x00000000d1300000, 0x00000000eab00000)
  object space 281600K, 88% used [0x00000000c0000000,0x00000000cf49c640,0x00000000d1300000)
 Metaspace       used 48031K, capacity 51002K, committed 51248K, reserved 1095680K
  class space    used 4913K, capacity 5999K, committed 6016K, reserved 1048576K
}
Event: 59.247 GC heap after
{Heap after GC invocations=148 (full 6):
 PSYoungGen      total 62976K, used 19434K [0x00000000eab00000, 0x00000000f1100000, 0x0000000100000000)
  eden space 43520K, 0% used [0x00000000eab00000,0x00000000eab00000,0x00000000ed580000)
  from space 19456K, 99% used [0x00000000ed580000,0x00000000ee87a800,0x00000000ee880000)
  to   space 28672K, 0% used [0x00000000ef500000,0x00000000ef500000,0x00000000f1100000)
 ParOldGen       total 281600K, used 257804K [0x00000000c0000000, 0x00000000d1300000, 0x00000000eab00000)
  object space 281600K, 91% used [0x00000000c0000000,0x00000000cfbc3050,0x00000000d1300000)
 Metaspace       used 48031K, capacity 51002K, committed 51248K, reserved 1095680K
  class space    used 4913K, capacity 5999K, committed 6016K, reserved 1048576K
}
Event: 59.475 GC heap before
{Heap before GC invocations=149 (full 6):
 PSYoungGen      total 62976K, used 62954K [0x00000000eab00000, 0x00000000f1100000, 0x0000000100000000)
  eden space 43520K, 100% used [0x00000000eab00000,0x00000000ed580000,0x00000000ed580000)
  from space 19456K, 99% used [0x00000000ed580000,0x00000000ee87a800,0x00000000ee880000)
  to   space 28672K, 0% used [0x00000000ef500000,0x00000000ef500000,0x00000000f1100000)
 ParOldGen       total 281600K, used 257804K [0x00000000c0000000, 0x00000000d1300000, 0x00000000eab00000)
  object space 281600K, 91% used [0x00000000c0000000,0x00000000cfbc3050,0x00000000d1300000)
 Metaspace       used 48420K, capacity 51357K, committed 51632K, reserved 1095680K
  class space    used 4951K, capacity 6032K, committed 6144K, reserved 1048576K
}
Event: 59.541 GC heap after
{Heap after GC invocations=149 (full 6):
 PSYoungGen      total 70144K, used 21936K [0x00000000eab00000, 0x00000000f0a80000, 0x0000000100000000)
  eden space 48128K, 0% used [0x00000000eab00000,0x00000000eab00000,0x00000000eda00000)
  from space 22016K, 99% used [0x00000000ef500000,0x00000000f0a6c180,0x00000000f0a80000)
  to   space 24064K, 0% used [0x00000000edb80000,0x00000000edb80000,0x00000000ef300000)
 ParOldGen       total 281600K, used 269365K [0x00000000c0000000, 0x00000000d1300000, 0x00000000eab00000)
  object space 281600K, 95% used [0x00000000c0000000,0x00000000d070d578,0x00000000d1300000)
 Metaspace       used 48420K, capacity 51357K, committed 51632K, reserved 1095680K
  class space    used 4951K, capacity 6032K, committed 6144K, reserved 1048576K
}
Event: 59.543 GC heap before
{Heap before GC invocations=150 (full 7):
 PSYoungGen      total 70144K, used 21936K [0x00000000eab00000, 0x00000000f0a80000, 0x0000000100000000)
  eden space 48128K, 0% used [0x00000000eab00000,0x00000000eab00000,0x00000000eda00000)
  from space 22016K, 99% used [0x00000000ef500000,0x00000000f0a6c180,0x00000000f0a80000)
  to   space 24064K, 0% used [0x00000000edb80000,0x00000000edb80000,0x00000000ef300000)
 ParOldGen       total 281600K, used 269365K [0x00000000c0000000, 0x00000000d1300000, 0x00000000eab00000)
  object space 281600K, 95% used [0x00000000c0000000,0x00000000d070d578,0x00000000d1300000)
 Metaspace       used 48420K, capacity 51357K, committed 51632K, reserved 1095680K
  class space    used 4951K, capacity 6032K, committed 6144K, reserved 1048576K
}

